::1 - - [23/Jul/2021:15:46:30 +0000] "GET / HTTP/1.1" 200 16155 "-" "Mozilla/5.0 (Windows NT 10.0; Win64; x64) AppleWebKit/537.36 (KHTML, like Gecko) Chrome/91.0.4472.164 Safari/537.36"
::1 - - [23/Jul/2021:15:48:15 +0000] "GET /users/profile/60fa7f3c45f5734678d4555f HTTP/1.1" 304 - "http://localhost:5000/" "Mozilla/5.0 (Windows NT 10.0; Win64; x64) AppleWebKit/537.36 (KHTML, like Gecko) Chrome/91.0.4472.164 Safari/537.36"
::1 - - [24/Jul/2021:14:59:15 +0000] "GET / HTTP/1.1" 200 7810 "-" "Mozilla/5.0 (Windows NT 10.0; Win64; x64) AppleWebKit/537.36 (KHTML, like Gecko) Chrome/92.0.4515.107 Safari/537.36"
::1 - - [24/Jul/2021:14:59:15 +0000] "GET /css/footer.css HTTP/1.1" 404 153 "http://localhost:5000/" "Mozilla/5.0 (Windows NT 10.0; Win64; x64) AppleWebKit/537.36 (KHTML, like Gecko) Chrome/92.0.4515.107 Safari/537.36"
::1 - - [24/Jul/2021:14:59:15 +0000] "GET /css/home.css HTTP/1.1" 404 151 "http://localhost:5000/" "Mozilla/5.0 (Windows NT 10.0; Win64; x64) AppleWebKit/537.36 (KHTML, like Gecko) Chrome/92.0.4515.107 Safari/537.36"
::1 - - [24/Jul/2021:14:59:15 +0000] "GET /css/chat_box.css HTTP/1.1" 404 155 "http://localhost:5000/" "Mozilla/5.0 (Windows NT 10.0; Win64; x64) AppleWebKit/537.36 (KHTML, like Gecko) Chrome/92.0.4515.107 Safari/537.36"
::1 - - [24/Jul/2021:14:59:15 +0000] "GET /js/home_comments.js HTTP/1.1" 404 158 "http://localhost:5000/" "Mozilla/5.0 (Windows NT 10.0; Win64; x64) AppleWebKit/537.36 (KHTML, like Gecko) Chrome/92.0.4515.107 Safari/537.36"
::1 - - [24/Jul/2021:14:59:15 +0000] "GET /js/home_posts.js HTTP/1.1" 404 155 "http://localhost:5000/" "Mozilla/5.0 (Windows NT 10.0; Win64; x64) AppleWebKit/537.36 (KHTML, like Gecko) Chrome/92.0.4515.107 Safari/537.36"
::1 - - [24/Jul/2021:14:59:15 +0000] "GET /js/toggle_likes.js HTTP/1.1" 404 157 "http://localhost:5000/" "Mozilla/5.0 (Windows NT 10.0; Win64; x64) AppleWebKit/537.36 (KHTML, like Gecko) Chrome/92.0.4515.107 Safari/537.36"
::1 - - [24/Jul/2021:14:59:15 +0000] "GET /js/chat_engine.js HTTP/1.1" 404 156 "http://localhost:5000/" "Mozilla/5.0 (Windows NT 10.0; Win64; x64) AppleWebKit/537.36 (KHTML, like Gecko) Chrome/92.0.4515.107 Safari/537.36"
::1 - - [24/Jul/2021:14:59:15 +0000] "GET /css/footer.css HTTP/1.1" 404 153 "http://localhost:5000/" "Mozilla/5.0 (Windows NT 10.0; Win64; x64) AppleWebKit/537.36 (KHTML, like Gecko) Chrome/92.0.4515.107 Safari/537.36"
::1 - - [24/Jul/2021:14:59:15 +0000] "GET /css/home.css HTTP/1.1" 404 151 "http://localhost:5000/" "Mozilla/5.0 (Windows NT 10.0; Win64; x64) AppleWebKit/537.36 (KHTML, like Gecko) Chrome/92.0.4515.107 Safari/537.36"
::1 - - [24/Jul/2021:14:59:15 +0000] "GET /css/chat_box.css HTTP/1.1" 404 155 "http://localhost:5000/" "Mozilla/5.0 (Windows NT 10.0; Win64; x64) AppleWebKit/537.36 (KHTML, like Gecko) Chrome/92.0.4515.107 Safari/537.36"
::1 - - [24/Jul/2021:14:59:15 +0000] "GET /js/home_comments.js HTTP/1.1" 404 158 "http://localhost:5000/" "Mozilla/5.0 (Windows NT 10.0; Win64; x64) AppleWebKit/537.36 (KHTML, like Gecko) Chrome/92.0.4515.107 Safari/537.36"
::1 - - [24/Jul/2021:14:59:15 +0000] "GET /js/home_posts.js HTTP/1.1" 404 155 "http://localhost:5000/" "Mozilla/5.0 (Windows NT 10.0; Win64; x64) AppleWebKit/537.36 (KHTML, like Gecko) Chrome/92.0.4515.107 Safari/537.36"
::1 - - [24/Jul/2021:14:59:15 +0000] "GET /js/toggle_likes.js HTTP/1.1" 404 157 "http://localhost:5000/" "Mozilla/5.0 (Windows NT 10.0; Win64; x64) AppleWebKit/537.36 (KHTML, like Gecko) Chrome/92.0.4515.107 Safari/537.36"
::1 - - [24/Jul/2021:14:59:15 +0000] "GET /js/chat_engine.js HTTP/1.1" 404 156 "http://localhost:5000/" "Mozilla/5.0 (Windows NT 10.0; Win64; x64) AppleWebKit/537.36 (KHTML, like Gecko) Chrome/92.0.4515.107 Safari/537.36"
::1 - - [24/Jul/2021:14:59:16 +0000] "GET /css/home.css HTTP/1.1" 404 151 "http://localhost:5000/" "Mozilla/5.0 (Windows NT 10.0; Win64; x64) AppleWebKit/537.36 (KHTML, like Gecko) Chrome/92.0.4515.107 Safari/537.36"
::1 - - [24/Jul/2021:14:59:16 +0000] "GET /css/chat_box.css HTTP/1.1" 404 155 "http://localhost:5000/" "Mozilla/5.0 (Windows NT 10.0; Win64; x64) AppleWebKit/537.36 (KHTML, like Gecko) Chrome/92.0.4515.107 Safari/537.36"
::1 - - [24/Jul/2021:14:59:16 +0000] "GET /js/home_comments.js HTTP/1.1" 404 158 "http://localhost:5000/" "Mozilla/5.0 (Windows NT 10.0; Win64; x64) AppleWebKit/537.36 (KHTML, like Gecko) Chrome/92.0.4515.107 Safari/537.36"
::1 - - [24/Jul/2021:14:59:16 +0000] "GET /js/home_posts.js HTTP/1.1" 404 155 "http://localhost:5000/" "Mozilla/5.0 (Windows NT 10.0; Win64; x64) AppleWebKit/537.36 (KHTML, like Gecko) Chrome/92.0.4515.107 Safari/537.36"
::1 - - [24/Jul/2021:14:59:16 +0000] "GET /js/toggle_likes.js HTTP/1.1" 404 157 "http://localhost:5000/" "Mozilla/5.0 (Windows NT 10.0; Win64; x64) AppleWebKit/537.36 (KHTML, like Gecko) Chrome/92.0.4515.107 Safari/537.36"
::1 - - [24/Jul/2021:14:59:16 +0000] "GET /js/chat_engine.js HTTP/1.1" 404 156 "http://localhost:5000/" "Mozilla/5.0 (Windows NT 10.0; Win64; x64) AppleWebKit/537.36 (KHTML, like Gecko) Chrome/92.0.4515.107 Safari/537.36"
::1 - - [24/Jul/2021:14:59:16 +0000] "GET /favicon.ico HTTP/1.1" 404 150 "http://localhost:5000/" "Mozilla/5.0 (Windows NT 10.0; Win64; x64) AppleWebKit/537.36 (KHTML, like Gecko) Chrome/92.0.4515.107 Safari/537.36"
::1 - - [24/Jul/2021:14:59:23 +0000] "GET /users/sign-in HTTP/1.1" 200 3557 "http://localhost:5000/" "Mozilla/5.0 (Windows NT 10.0; Win64; x64) AppleWebKit/537.36 (KHTML, like Gecko) Chrome/92.0.4515.107 Safari/537.36"
::1 - - [24/Jul/2021:14:59:23 +0000] "GET /css/footer.css HTTP/1.1" 404 153 "http://localhost:5000/users/sign-in" "Mozilla/5.0 (Windows NT 10.0; Win64; x64) AppleWebKit/537.36 (KHTML, like Gecko) Chrome/92.0.4515.107 Safari/537.36"
::1 - - [24/Jul/2021:14:59:27 +0000] "POST /users/create-session HTTP/1.1" 302 46 "http://localhost:5000/users/sign-in" "Mozilla/5.0 (Windows NT 10.0; Win64; x64) AppleWebKit/537.36 (KHTML, like Gecko) Chrome/92.0.4515.107 Safari/537.36"
::1 - - [24/Jul/2021:14:59:27 +0000] "GET / HTTP/1.1" 200 16531 "http://localhost:5000/users/sign-in" "Mozilla/5.0 (Windows NT 10.0; Win64; x64) AppleWebKit/537.36 (KHTML, like Gecko) Chrome/92.0.4515.107 Safari/537.36"
::1 - - [24/Jul/2021:14:59:27 +0000] "GET /css/home.css HTTP/1.1" 404 151 "http://localhost:5000/" "Mozilla/5.0 (Windows NT 10.0; Win64; x64) AppleWebKit/537.36 (KHTML, like Gecko) Chrome/92.0.4515.107 Safari/537.36"
::1 - - [24/Jul/2021:14:59:27 +0000] "GET /css/footer.css HTTP/1.1" 404 153 "http://localhost:5000/" "Mozilla/5.0 (Windows NT 10.0; Win64; x64) AppleWebKit/537.36 (KHTML, like Gecko) Chrome/92.0.4515.107 Safari/537.36"
::1 - - [24/Jul/2021:14:59:27 +0000] "GET /css/chat_box.css HTTP/1.1" 404 155 "http://localhost:5000/" "Mozilla/5.0 (Windows NT 10.0; Win64; x64) AppleWebKit/537.36 (KHTML, like Gecko) Chrome/92.0.4515.107 Safari/537.36"
::1 - - [24/Jul/2021:14:59:27 +0000] "GET /js/home_posts.js HTTP/1.1" 404 155 "http://localhost:5000/" "Mozilla/5.0 (Windows NT 10.0; Win64; x64) AppleWebKit/537.36 (KHTML, like Gecko) Chrome/92.0.4515.107 Safari/537.36"
::1 - - [24/Jul/2021:14:59:27 +0000] "GET /js/toggle_likes.js HTTP/1.1" 404 157 "http://localhost:5000/" "Mozilla/5.0 (Windows NT 10.0; Win64; x64) AppleWebKit/537.36 (KHTML, like Gecko) Chrome/92.0.4515.107 Safari/537.36"
::1 - - [24/Jul/2021:14:59:27 +0000] "GET /js/home_comments.js HTTP/1.1" 404 158 "http://localhost:5000/" "Mozilla/5.0 (Windows NT 10.0; Win64; x64) AppleWebKit/537.36 (KHTML, like Gecko) Chrome/92.0.4515.107 Safari/537.36"
::1 - - [24/Jul/2021:14:59:27 +0000] "GET /js/chat_engine.js HTTP/1.1" 404 156 "http://localhost:5000/" "Mozilla/5.0 (Windows NT 10.0; Win64; x64) AppleWebKit/537.36 (KHTML, like Gecko) Chrome/92.0.4515.107 Safari/537.36"
::1 - - [24/Jul/2021:14:59:27 +0000] "GET /css/chat_box.css HTTP/1.1" 404 155 "http://localhost:5000/" "Mozilla/5.0 (Windows NT 10.0; Win64; x64) AppleWebKit/537.36 (KHTML, like Gecko) Chrome/92.0.4515.107 Safari/537.36"
::1 - - [24/Jul/2021:14:59:27 +0000] "GET /css/home.css HTTP/1.1" 404 151 "http://localhost:5000/" "Mozilla/5.0 (Windows NT 10.0; Win64; x64) AppleWebKit/537.36 (KHTML, like Gecko) Chrome/92.0.4515.107 Safari/537.36"
::1 - - [24/Jul/2021:14:59:27 +0000] "GET /js/home_posts.js HTTP/1.1" 404 155 "http://localhost:5000/" "Mozilla/5.0 (Windows NT 10.0; Win64; x64) AppleWebKit/537.36 (KHTML, like Gecko) Chrome/92.0.4515.107 Safari/537.36"
::1 - - [24/Jul/2021:14:59:28 +0000] "GET /js/toggle_likes.js HTTP/1.1" 404 157 "http://localhost:5000/" "Mozilla/5.0 (Windows NT 10.0; Win64; x64) AppleWebKit/537.36 (KHTML, like Gecko) Chrome/92.0.4515.107 Safari/537.36"
::1 - - [24/Jul/2021:14:59:28 +0000] "GET /js/chat_engine.js HTTP/1.1" 404 156 "http://localhost:5000/" "Mozilla/5.0 (Windows NT 10.0; Win64; x64) AppleWebKit/537.36 (KHTML, like Gecko) Chrome/92.0.4515.107 Safari/537.36"
::1 - - [24/Jul/2021:14:59:36 +0000] "GET /css/footer.css HTTP/1.1" 404 153 "http://localhost:5000/" "Mozilla/5.0 (Windows NT 10.0; Win64; x64) AppleWebKit/537.36 (KHTML, like Gecko) Chrome/92.0.4515.107 Safari/537.36"
::1 - - [24/Jul/2021:14:59:36 +0000] "GET /css/chat_box.css HTTP/1.1" 404 155 "http://localhost:5000/" "Mozilla/5.0 (Windows NT 10.0; Win64; x64) AppleWebKit/537.36 (KHTML, like Gecko) Chrome/92.0.4515.107 Safari/537.36"
::1 - - [24/Jul/2021:14:59:36 +0000] "GET /css/home.css HTTP/1.1" 404 151 "http://localhost:5000/" "Mozilla/5.0 (Windows NT 10.0; Win64; x64) AppleWebKit/537.36 (KHTML, like Gecko) Chrome/92.0.4515.107 Safari/537.36"
[0mGET / [32m200[0m 68.779 ms - 11795[0m
[0mGET / [36m304[0m 60.459 ms - -[0m
[0mGET /users/sign-in [32m200[0m 8.056 ms - 3545[0m
[0mGET /users/css/layout.css [33m404[0m 5.403 ms - 159[0m
[0mPOST /users/create-session [36m302[0m 10.908 ms - 46[0m
[0mGET / [32m200[0m 64.198 ms - 49639[0m
[0mGET /users/profile/60ef4cc48704664488ac897b [32m200[0m 47.539 ms - 4915[0m
[0mGET /users/profile/css/layout.css [33m404[0m 14.671 ms - 167[0m
[0mGET / [32m200[0m 47.160 ms - 49274[0m
[0mGET /users/profile/60ef4be7f18f930210f17173 [32m200[0m 21.924 ms - 4053[0m
[0mGET /users/profile/css/layout.css [33m404[0m 9.806 ms - 167[0m
[0mGET / [36m304[0m 52.258 ms - -[0m
[0mPOST /chats/create [32m200[0m 22.934 ms - 540[0m
[0mGET /users/profile/60ef4cc48704664488ac897b [36m304[0m 21.288 ms - -[0m
[0mGET /users/profile/css/layout.css [33m404[0m 11.361 ms - 167[0m
[0mGET / [32m200[0m 49.124 ms - 50049[0m
::1 - - [24/Jul/2021:15:12:43 +0000] "GET / HTTP/1.1" 200 7954 "http://localhost:5000/users/profile/60ef4cc48704664488ac897b" "Mozilla/5.0 (Windows NT 10.0; Win64; x64) AppleWebKit/537.36 (KHTML, like Gecko) Chrome/92.0.4515.107 Safari/537.36"
::1 - - [24/Jul/2021:15:12:43 +0000] "GET /css/home.css HTTP/1.1" 404 151 "http://localhost:5000/" "Mozilla/5.0 (Windows NT 10.0; Win64; x64) AppleWebKit/537.36 (KHTML, like Gecko) Chrome/92.0.4515.107 Safari/537.36"
::1 - - [24/Jul/2021:15:12:43 +0000] "GET /css/home.css HTTP/1.1" 404 151 "http://localhost:5000/" "Mozilla/5.0 (Windows NT 10.0; Win64; x64) AppleWebKit/537.36 (KHTML, like Gecko) Chrome/92.0.4515.107 Safari/537.36"
::1 - - [24/Jul/2021:15:15:21 +0000] "GET / HTTP/1.1" 304 - "http://localhost:5000/users/profile/60ef4cc48704664488ac897b" "Mozilla/5.0 (Windows NT 10.0; Win64; x64) AppleWebKit/537.36 (KHTML, like Gecko) Chrome/92.0.4515.107 Safari/537.36"
::1 - - [24/Jul/2021:15:15:21 +0000] "GET /css/home.css HTTP/1.1" 404 151 "http://localhost:5000/" "Mozilla/5.0 (Windows NT 10.0; Win64; x64) AppleWebKit/537.36 (KHTML, like Gecko) Chrome/92.0.4515.107 Safari/537.36"
::1 - - [24/Jul/2021:15:15:21 +0000] "GET /css/home.css HTTP/1.1" 404 151 "http://localhost:5000/" "Mozilla/5.0 (Windows NT 10.0; Win64; x64) AppleWebKit/537.36 (KHTML, like Gecko) Chrome/92.0.4515.107 Safari/537.36"
::1 - - [24/Jul/2021:15:15:27 +0000] "GET /css/home.css HTTP/1.1" 404 151 "-" "Mozilla/5.0 (Windows NT 10.0; Win64; x64) AppleWebKit/537.36 (KHTML, like Gecko) Chrome/92.0.4515.107 Safari/537.36"
::1 - - [24/Jul/2021:15:16:18 +0000] "GET / HTTP/1.1" 200 7945 "http://localhost:5000/users/profile/60ef4cc48704664488ac897b" "Mozilla/5.0 (Windows NT 10.0; Win64; x64) AppleWebKit/537.36 (KHTML, like Gecko) Chrome/92.0.4515.107 Safari/537.36"
::1 - - [24/Jul/2021:15:16:18 +0000] "GET /css/home.css HTTP/1.1" 404 151 "http://localhost:5000/" "Mozilla/5.0 (Windows NT 10.0; Win64; x64) AppleWebKit/537.36 (KHTML, like Gecko) Chrome/92.0.4515.107 Safari/537.36"
::1 - - [24/Jul/2021:15:16:18 +0000] "GET /css/home.css HTTP/1.1" 404 151 "http://localhost:5000/" "Mozilla/5.0 (Windows NT 10.0; Win64; x64) AppleWebKit/537.36 (KHTML, like Gecko) Chrome/92.0.4515.107 Safari/537.36"
::1 - - [24/Jul/2021:15:16:28 +0000] "GET /users/sign-in HTTP/1.1" 200 3568 "http://localhost:5000/" "Mozilla/5.0 (Windows NT 10.0; Win64; x64) AppleWebKit/537.36 (KHTML, like Gecko) Chrome/92.0.4515.107 Safari/537.36"
::1 - - [24/Jul/2021:15:16:32 +0000] "POST /users/create-session HTTP/1.1" 302 46 "http://localhost:5000/users/sign-in" "Mozilla/5.0 (Windows NT 10.0; Win64; x64) AppleWebKit/537.36 (KHTML, like Gecko) Chrome/92.0.4515.107 Safari/537.36"
::1 - - [24/Jul/2021:15:16:32 +0000] "GET / HTTP/1.1" 200 16666 "http://localhost:5000/users/sign-in" "Mozilla/5.0 (Windows NT 10.0; Win64; x64) AppleWebKit/537.36 (KHTML, like Gecko) Chrome/92.0.4515.107 Safari/537.36"
::1 - - [24/Jul/2021:15:16:32 +0000] "GET /css/home.css HTTP/1.1" 404 151 "http://localhost:5000/" "Mozilla/5.0 (Windows NT 10.0; Win64; x64) AppleWebKit/537.36 (KHTML, like Gecko) Chrome/92.0.4515.107 Safari/537.36"
::1 - - [24/Jul/2021:15:16:32 +0000] "GET /css/home.css HTTP/1.1" 404 151 "http://localhost:5000/" "Mozilla/5.0 (Windows NT 10.0; Win64; x64) AppleWebKit/537.36 (KHTML, like Gecko) Chrome/92.0.4515.107 Safari/537.36"
::1 - - [24/Jul/2021:15:16:43 +0000] "GET /css/home.css HTTP/1.1" 404 151 "-" "Mozilla/5.0 (Windows NT 10.0; Win64; x64) AppleWebKit/537.36 (KHTML, like Gecko) Chrome/92.0.4515.107 Safari/537.36"
::1 - - [24/Jul/2021:15:18:07 +0000] "GET / HTTP/1.1" 200 16301 "http://localhost:5000/users/sign-in" "Mozilla/5.0 (Windows NT 10.0; Win64; x64) AppleWebKit/537.36 (KHTML, like Gecko) Chrome/92.0.4515.107 Safari/537.36"
::1 - - [24/Jul/2021:15:18:07 +0000] "GET /css/home.css HTTP/1.1" 404 151 "http://localhost:5000/" "Mozilla/5.0 (Windows NT 10.0; Win64; x64) AppleWebKit/537.36 (KHTML, like Gecko) Chrome/92.0.4515.107 Safari/537.36"
::1 - - [24/Jul/2021:15:18:07 +0000] "GET /css/home.css HTTP/1.1" 404 151 "http://localhost:5000/" "Mozilla/5.0 (Windows NT 10.0; Win64; x64) AppleWebKit/537.36 (KHTML, like Gecko) Chrome/92.0.4515.107 Safari/537.36"
::1 - - [24/Jul/2021:15:23:16 +0000] "GET / HTTP/1.1" 200 16310 "http://localhost:5000/users/sign-in" "Mozilla/5.0 (Windows NT 10.0; Win64; x64) AppleWebKit/537.36 (KHTML, like Gecko) Chrome/92.0.4515.107 Safari/537.36"
::1 - - [24/Jul/2021:15:23:41 +0000] "GET / HTTP/1.1" 304 - "http://localhost:5000/users/sign-in" "Mozilla/5.0 (Windows NT 10.0; Win64; x64) AppleWebKit/537.36 (KHTML, like Gecko) Chrome/92.0.4515.107 Safari/537.36"
::1 - - [24/Jul/2021:15:23:43 +0000] "GET / HTTP/1.1" 304 - "http://localhost:5000/" "Mozilla/5.0 (Windows NT 10.0; Win64; x64) AppleWebKit/537.36 (KHTML, like Gecko) Chrome/92.0.4515.107 Safari/537.36"
::1 - - [24/Jul/2021:15:23:47 +0000] "GET /users/sign-out HTTP/1.1" 302 46 "http://localhost:5000/" "Mozilla/5.0 (Windows NT 10.0; Win64; x64) AppleWebKit/537.36 (KHTML, like Gecko) Chrome/92.0.4515.107 Safari/537.36"
::1 - - [24/Jul/2021:15:23:47 +0000] "GET / HTTP/1.1" 200 8313 "http://localhost:5000/" "Mozilla/5.0 (Windows NT 10.0; Win64; x64) AppleWebKit/537.36 (KHTML, like Gecko) Chrome/92.0.4515.107 Safari/537.36"
::1 - - [24/Jul/2021:15:23:53 +0000] "GET /users/sign-in HTTP/1.1" 200 3577 "http://localhost:5000/" "Mozilla/5.0 (Windows NT 10.0; Win64; x64) AppleWebKit/537.36 (KHTML, like Gecko) Chrome/92.0.4515.107 Safari/537.36"
::1 - - [24/Jul/2021:15:23:58 +0000] "POST /users/create-session HTTP/1.1" 302 46 "http://localhost:5000/users/sign-in" "Mozilla/5.0 (Windows NT 10.0; Win64; x64) AppleWebKit/537.36 (KHTML, like Gecko) Chrome/92.0.4515.107 Safari/537.36"
::1 - - [24/Jul/2021:15:23:58 +0000] "GET / HTTP/1.1" 200 16675 "http://localhost:5000/users/sign-in" "Mozilla/5.0 (Windows NT 10.0; Win64; x64) AppleWebKit/537.36 (KHTML, like Gecko) Chrome/92.0.4515.107 Safari/537.36"
::1 - - [24/Jul/2021:15:24:26 +0000] "GET / HTTP/1.1" 200 16319 "http://localhost:5000/users/sign-in" "Mozilla/5.0 (Windows NT 10.0; Win64; x64) AppleWebKit/537.36 (KHTML, like Gecko) Chrome/92.0.4515.107 Safari/537.36"
::1 - - [24/Jul/2021:15:26:01 +0000] "GET / HTTP/1.1" 200 16256 "http://localhost:5000/users/sign-in" "Mozilla/5.0 (Windows NT 10.0; Win64; x64) AppleWebKit/537.36 (KHTML, like Gecko) Chrome/92.0.4515.107 Safari/537.36"
::1 - - [24/Jul/2021:15:26:26 +0000] "GET /users/profile/60fa816301e2893d7087c6f0 HTTP/1.1" 200 4580 "http://localhost:5000/" "Mozilla/5.0 (Windows NT 10.0; Win64; x64) AppleWebKit/537.36 (KHTML, like Gecko) Chrome/92.0.4515.107 Safari/537.36"
::1 - - [24/Jul/2021:15:26:26 +0000] "GET /js/toggle_friends.js HTTP/1.1" 404 159 "http://localhost:5000/users/profile/60fa816301e2893d7087c6f0" "Mozilla/5.0 (Windows NT 10.0; Win64; x64) AppleWebKit/537.36 (KHTML, like Gecko) Chrome/92.0.4515.107 Safari/537.36"
::1 - - [24/Jul/2021:15:31:21 +0000] "GET /users/profile/60fa816301e2893d7087c6f0 HTTP/1.1" 200 4593 "http://localhost:5000/" "Mozilla/5.0 (Windows NT 10.0; Win64; x64) AppleWebKit/537.36 (KHTML, like Gecko) Chrome/92.0.4515.107 Safari/537.36"
::1 - - [24/Jul/2021:15:31:47 +0000] "GET / HTTP/1.1" 304 - "http://localhost:5000/users/profile/60fa816301e2893d7087c6f0" "Mozilla/5.0 (Windows NT 10.0; Win64; x64) AppleWebKit/537.36 (KHTML, like Gecko) Chrome/92.0.4515.107 Safari/537.36"
::1 - - [24/Jul/2021:15:31:49 +0000] "GET /users/profile/60fa7f3c45f5734678d4555f HTTP/1.1" 200 4100 "http://localhost:5000/" "Mozilla/5.0 (Windows NT 10.0; Win64; x64) AppleWebKit/537.36 (KHTML, like Gecko) Chrome/92.0.4515.107 Safari/537.36"
::1 - - [24/Jul/2021:15:31:53 +0000] "GET /users/profile/60fa7f3c45f5734678d4555f HTTP/1.1" 304 - "http://localhost:5000/users/profile/60fa7f3c45f5734678d4555f" "Mozilla/5.0 (Windows NT 10.0; Win64; x64) AppleWebKit/537.36 (KHTML, like Gecko) Chrome/92.0.4515.107 Safari/537.36"
::1 - - [24/Jul/2021:15:31:56 +0000] "GET /users/profile/60fa7f3c45f5734678d4555f HTTP/1.1" 304 - "http://localhost:5000/users/profile/60fa7f3c45f5734678d4555f" "Mozilla/5.0 (Windows NT 10.0; Win64; x64) AppleWebKit/537.36 (KHTML, like Gecko) Chrome/92.0.4515.107 Safari/537.36"
::1 - - [24/Jul/2021:15:31:58 +0000] "GET / HTTP/1.1" 304 - "http://localhost:5000/users/profile/60fa7f3c45f5734678d4555f" "Mozilla/5.0 (Windows NT 10.0; Win64; x64) AppleWebKit/537.36 (KHTML, like Gecko) Chrome/92.0.4515.107 Safari/537.36"
::1 - - [24/Jul/2021:15:32:02 +0000] "POST /chats/create HTTP/1.1" 200 456 "http://localhost:5000/" "Mozilla/5.0 (Windows NT 10.0; Win64; x64) AppleWebKit/537.36 (KHTML, like Gecko) Chrome/92.0.4515.107 Safari/537.36"
::1 - - [24/Jul/2021:15:32:06 +0000] "GET /users/profile/60fa7f3c45f5734678d4555f HTTP/1.1" 304 - "http://localhost:5000/" "Mozilla/5.0 (Windows NT 10.0; Win64; x64) AppleWebKit/537.36 (KHTML, like Gecko) Chrome/92.0.4515.107 Safari/537.36"
::1 - - [24/Jul/2021:15:32:10 +0000] "GET / HTTP/1.1" 200 16932 "http://localhost:5000/users/profile/60fa7f3c45f5734678d4555f" "Mozilla/5.0 (Windows NT 10.0; Win64; x64) AppleWebKit/537.36 (KHTML, like Gecko) Chrome/92.0.4515.107 Safari/537.36"
::1 - - [24/Jul/2021:15:32:12 +0000] "GET /users/profile/60fa816301e2893d7087c6f0 HTTP/1.1" 304 - "http://localhost:5000/" "Mozilla/5.0 (Windows NT 10.0; Win64; x64) AppleWebKit/537.36 (KHTML, like Gecko) Chrome/92.0.4515.107 Safari/537.36"
::1 - - [24/Jul/2021:15:32:13 +0000] "POST /friends/toggle/?from=60fa7f3c45f5734678d4555f&to=60fa816301e2893d7087c6f0 HTTP/1.1" 200 56 "http://localhost:5000/users/profile/60fa816301e2893d7087c6f0" "Mozilla/5.0 (Windows NT 10.0; Win64; x64) AppleWebKit/537.36 (KHTML, like Gecko) Chrome/92.0.4515.107 Safari/537.36"
::1 - - [24/Jul/2021:15:32:16 +0000] "POST /friends/toggle/?from=60fa7f3c45f5734678d4555f&to=60fa816301e2893d7087c6f0 HTTP/1.1" 200 55 "http://localhost:5000/users/profile/60fa816301e2893d7087c6f0" "Mozilla/5.0 (Windows NT 10.0; Win64; x64) AppleWebKit/537.36 (KHTML, like Gecko) Chrome/92.0.4515.107 Safari/537.36"
::1 - - [24/Jul/2021:15:32:21 +0000] "GET / HTTP/1.1" 200 16932 "http://localhost:5000/users/profile/60fa816301e2893d7087c6f0" "Mozilla/5.0 (Windows NT 10.0; Win64; x64) AppleWebKit/537.36 (KHTML, like Gecko) Chrome/92.0.4515.107 Safari/537.36"
::1 - - [24/Jul/2021:15:32:24 +0000] "GET /users/profile/60fa816301e2893d7087c6f0 HTTP/1.1" 304 - "http://localhost:5000/" "Mozilla/5.0 (Windows NT 10.0; Win64; x64) AppleWebKit/537.36 (KHTML, like Gecko) Chrome/92.0.4515.107 Safari/537.36"
::1 - - [24/Jul/2021:15:32:27 +0000] "POST /friends/toggle/?from=60fa7f3c45f5734678d4555f&to=60fa816301e2893d7087c6f0 HTTP/1.1" 200 56 "http://localhost:5000/users/profile/60fa816301e2893d7087c6f0" "Mozilla/5.0 (Windows NT 10.0; Win64; x64) AppleWebKit/537.36 (KHTML, like Gecko) Chrome/92.0.4515.107 Safari/537.36"
::1 - - [24/Jul/2021:15:32:30 +0000] "GET / HTTP/1.1" 200 16305 "http://localhost:5000/users/profile/60fa816301e2893d7087c6f0" "Mozilla/5.0 (Windows NT 10.0; Win64; x64) AppleWebKit/537.36 (KHTML, like Gecko) Chrome/92.0.4515.107 Safari/537.36"
::1 - - [24/Jul/2021:15:32:34 +0000] "GET /users/profile/60fa7f3c45f5734678d4555f HTTP/1.1" 304 - "http://localhost:5000/" "Mozilla/5.0 (Windows NT 10.0; Win64; x64) AppleWebKit/537.36 (KHTML, like Gecko) Chrome/92.0.4515.107 Safari/537.36"
::1 - - [24/Jul/2021:15:32:42 +0000] "POST /users/update/60fa7f3c45f5734678d4555f HTTP/1.1" 302 164 "http://localhost:5000/users/profile/60fa7f3c45f5734678d4555f" "Mozilla/5.0 (Windows NT 10.0; Win64; x64) AppleWebKit/537.36 (KHTML, like Gecko) Chrome/92.0.4515.107 Safari/537.36"
::1 - - [24/Jul/2021:15:32:42 +0000] "GET /users/profile/60fa7f3c45f5734678d4555f HTTP/1.1" 200 4100 "http://localhost:5000/users/profile/60fa7f3c45f5734678d4555f" "Mozilla/5.0 (Windows NT 10.0; Win64; x64) AppleWebKit/537.36 (KHTML, like Gecko) Chrome/92.0.4515.107 Safari/537.36"
::1 - - [24/Jul/2021:15:32:48 +0000] "GET / HTTP/1.1" 200 16305 "http://localhost:5000/users/profile/60fa7f3c45f5734678d4555f" "Mozilla/5.0 (Windows NT 10.0; Win64; x64) AppleWebKit/537.36 (KHTML, like Gecko) Chrome/92.0.4515.107 Safari/537.36"
::1 - - [24/Jul/2021:15:32:52 +0000] "GET /users/profile/60fa816301e2893d7087c6f0 HTTP/1.1" 200 4233 "http://localhost:5000/" "Mozilla/5.0 (Windows NT 10.0; Win64; x64) AppleWebKit/537.36 (KHTML, like Gecko) Chrome/92.0.4515.107 Safari/537.36"
::1 - - [24/Jul/2021:15:32:53 +0000] "POST /friends/toggle/?from=60fa7f3c45f5734678d4555f&to=60fa816301e2893d7087c6f0 HTTP/1.1" 200 55 "http://localhost:5000/users/profile/60fa816301e2893d7087c6f0" "Mozilla/5.0 (Windows NT 10.0; Win64; x64) AppleWebKit/537.36 (KHTML, like Gecko) Chrome/92.0.4515.107 Safari/537.36"
::1 - - [24/Jul/2021:15:32:55 +0000] "GET / HTTP/1.1" 200 16932 "http://localhost:5000/users/profile/60fa816301e2893d7087c6f0" "Mozilla/5.0 (Windows NT 10.0; Win64; x64) AppleWebKit/537.36 (KHTML, like Gecko) Chrome/92.0.4515.107 Safari/537.36"
::1 - - [24/Jul/2021:15:32:57 +0000] "GET /users/profile/60fa816301e2893d7087c6f0 HTTP/1.1" 200 4593 "http://localhost:5000/" "Mozilla/5.0 (Windows NT 10.0; Win64; x64) AppleWebKit/537.36 (KHTML, like Gecko) Chrome/92.0.4515.107 Safari/537.36"
::1 - - [24/Jul/2021:15:33:01 +0000] "GET / HTTP/1.1" 304 - "http://localhost:5000/users/profile/60fa816301e2893d7087c6f0" "Mozilla/5.0 (Windows NT 10.0; Win64; x64) AppleWebKit/537.36 (KHTML, like Gecko) Chrome/92.0.4515.107 Safari/537.36"
